<?xml version="1.0" encoding="UTF-8"?>
<!-- Generated by org.testng.reporters.JUnitReportReporter -->
<testsuite hostname="DESKTOP-RRG8RSC" failures="0" tests="2" name="com.test.TestNGBasics" time="0.004" errors="0" timestamp="2020-06-05T12:27:30 IST" skipped="0">
  <testcase classname="com.test.TestNGBasics" name="googlesearchTest" time="0.003"/>
  <system-out/>
  <testcase classname="com.test.TestNGBasics" name="googleTitleTest" time="0.001"/>
  <system-out/>
</testsuite> <!-- com.test.TestNGBasics -->
