<?xml version="1.0" encoding="UTF-8"?>
<!-- Generated by org.testng.reporters.JUnitReportReporter -->
<testsuite hostname="DESKTOP-RRG8RSC" failures="0" tests="5" name="com.test.InvocationcountFeature" time="0.029" errors="0" timestamp="2020-06-05T12:27:30 IST" skipped="0">
  <testcase classname="com.test.InvocationcountFeature" name="sampleTest" time="0.005"/>
  <system-out/>
  <testcase classname="com.test.InvocationcountFeature" name="sampleTest" time="0.015"/>
  <system-out/>
  <testcase classname="com.test.InvocationcountFeature" name="sampleTest" time="0.004"/>
  <system-out/>
  <testcase classname="com.test.InvocationcountFeature" name="sampleTest" time="0.003"/>
  <system-out/>
  <testcase classname="com.test.InvocationcountFeature" name="sampleTest" time="0.002"/>
  <system-out/>
</testsuite> <!-- com.test.InvocationcountFeature -->
